#
# There is insufficient memory for the Java Runtime Environment to continue.
# Native memory allocation (mmap) failed to map 268435456 bytes for G1 virtual space
# Possible reasons:
#   The system is out of physical RAM or swap space
#   The process is running with CompressedOops enabled, and the Java Heap may be blocking the growth of the native heap
# Possible solutions:
#   Reduce memory load on the system
#   Increase physical memory or swap space
#   Check if swap backing store is full
#   Decrease Java heap size (-Xmx/-Xms)
#   Decrease number of Java threads
#   Decrease Java thread stack sizes (-Xss)
#   Set larger code cache with -XX:ReservedCodeCacheSize=
#   JVM is running with Zero Based Compressed Oops mode in which the Java heap is
#     placed in the first 32GB address space. The Java Heap base address is the
#     maximum limit for the native heap growth. Please use -XX:HeapBaseMinAddress
#     to set the Java Heap base and to place the Java Heap above 32GB virtual address.
# This output file may be truncated or incomplete.
#
#  Out of Memory Error (os_windows.cpp:3469), pid=4604, tid=1844
#
# JRE version:  (17.0.1+12) (build )
# Java VM: Java HotSpot(TM) 64-Bit Server VM (17.0.1+12-LTS-39, mixed mode, sharing, tiered, compressed oops, compressed class ptrs, g1 gc, windows-amd64)
# No core dump will be written. Minidumps are not enabled by default on client versions of Windows
#

---------------  S U M M A R Y ------------

Command Line: com.tang.vscode.MainKt -XX:+UseG1GC -XX:+UseStringDeduplication

Host: Intel(R) Core(TM) i5-10400F CPU @ 2.90GHz, 12 cores, 15G,  Windows 10 , 64 bit Build 19041 (10.0.19041.3636)
Time: Sun Mar 24 11:17:14 2024 Paris, Madrid elapsed time: 0.051407 seconds (0d 0h 0m 0s)

---------------  T H R E A D  ---------------

Current thread (0x0000026e712f8fd0):  JavaThread "Unknown thread" [_thread_in_vm, id=1844, stack(0x000000fb1ea00000,0x000000fb1eb00000)]

Stack: [0x000000fb1ea00000,0x000000fb1eb00000]
Native frames: (J=compiled Java code, j=interpreted, Vv=VM code, C=native code)
V  [jvm.dll+0x66fa1a]
V  [jvm.dll+0x7ce5a4]
V  [jvm.dll+0x7cfd4e]
V  [jvm.dll+0x7d03b3]
V  [jvm.dll+0x242b05]
V  [jvm.dll+0x66ca39]
V  [jvm.dll+0x661502]
V  [jvm.dll+0x30081b]
V  [jvm.dll+0x307da6]
V  [jvm.dll+0x357a1e]
V  [jvm.dll+0x357c4f]
V  [jvm.dll+0x2d7ad8]
V  [jvm.dll+0x2d8a44]
V  [jvm.dll+0x7a01e1]
V  [jvm.dll+0x365791]
V  [jvm.dll+0x77f6cc]
V  [jvm.dll+0x3e812f]
V  [jvm.dll+0x3e9bd1]
C  [jli.dll+0x527b]
C  [ucrtbase.dll+0x21bb2]
C  [KERNEL32.DLL+0x17344]
C  [ntdll.dll+0x526b1]


---------------  P R O C E S S  ---------------

Threads class SMR info:
_java_thread_list=0x00007ffff7bb7818, length=0, elements={
}

Java Threads: ( => current thread )

Other Threads:
  0x0000026e71349550 GCTaskThread "GC Thread#0" [stack: 0x000000fb1eb00000,0x000000fb1ec00000] [id=18696]
  0x0000026e7135a3a0 ConcurrentGCThread "G1 Main Marker" [stack: 0x000000fb1ec00000,0x000000fb1ed00000] [id=19780]
  0x0000026e7135adb0 ConcurrentGCThread "G1 Conc#0" [stack: 0x000000fb1ed00000,0x000000fb1ee00000] [id=10592]

[error occurred during error reporting (printing all threads), id 0xc0000005, EXCEPTION_ACCESS_VIOLATION (0xc0000005) at pc=0x00007ffff74084b7]

VM state: not at safepoint (not fully initialized)

VM Mutex/Monitor currently owned by a thread:  ([mutex/lock_event])
[0x0000026e712f4a60] Heap_lock - owner thread: 0x0000026e712f8fd0

Heap address: 0x0000000700e00000, size: 4082 MB, Compressed Oops mode: Zero based, Oop shift amount: 3

CDS archive(s) mapped at: [0x0000000000000000-0x0000000000000000-0x0000000000000000), size 0, SharedBaseAddress: 0x0000000800000000, ArchiveRelocationMode: 0.
Narrow klass base: 0x0000000000000000, Narrow klass shift: 0, Narrow klass range: 0x0

GC Precious Log:
<Empty>

Heap:
 garbage-first heap   total 0K, used 0K [0x0000000700e00000, 0x0000000800000000)
  region size 2048K, 0 young (0K), 0 survivors (0K)

[error occurred during error reporting (printing heap information), id 0xc0000005, EXCEPTION_ACCESS_VIOLATION (0xc0000005) at pc=0x00007ffff77e8d89]

GC Heap History (0 events):
No events

Deoptimization events (0 events):
No events

Classes unloaded (0 events):
No events

Classes redefined (0 events):
No events

Internal exceptions (0 events):
No events

VM Operations (0 events):
No events

Events (1 events):
Event: 0.012 Loaded shared library C:\Program Files\Java\jdk-17.0.1\bin\java.dll


Dynamic libraries:
0x00007ff641990000 - 0x00007ff6419a0000 	C:\Program Files\Java\jdk-17.0.1\bin\java.exe
0x00007ff88fb90000 - 0x00007ff88fd88000 	C:\Windows\SYSTEM32\ntdll.dll
0x00007ff8545a0000 - 0x00007ff8545b9000 	C:\Program Files\Avast Software\Avast\aswhook.dll
0x00007ff88dd70000 - 0x00007ff88de2d000 	C:\Windows\System32\KERNEL32.DLL
0x00007ff88d7a0000 - 0x00007ff88da96000 	C:\Windows\System32\KERNELBASE.dll
0x00007ff88d410000 - 0x00007ff88d510000 	C:\Windows\System32\ucrtbase.dll
0x00007ff853090000 - 0x00007ff8530a8000 	C:\Program Files\Java\jdk-17.0.1\bin\jli.dll
0x00007ff853170000 - 0x00007ff85318a000 	C:\Program Files\Java\jdk-17.0.1\bin\VCRUNTIME140.dll
0x00007ff88f600000 - 0x00007ff88f6b0000 	C:\Windows\System32\ADVAPI32.dll
0x00007ff88df80000 - 0x00007ff88e01e000 	C:\Windows\System32\msvcrt.dll
0x00007ff88ec00000 - 0x00007ff88eca0000 	C:\Windows\System32\sechost.dll
0x00007ff88f710000 - 0x00007ff88f835000 	C:\Windows\System32\RPCRT4.dll
0x00007ff88d610000 - 0x00007ff88d637000 	C:\Windows\System32\bcrypt.dll
0x00007ff88e140000 - 0x00007ff88e2de000 	C:\Windows\System32\USER32.dll
0x00007ff88d240000 - 0x00007ff88d262000 	C:\Windows\System32\win32u.dll
0x00007ff87f550000 - 0x00007ff87f7ea000 	C:\Windows\WinSxS\amd64_microsoft.windows.common-controls_6595b64144ccf1df_6.0.19041.3636_none_60b6a03d71f818d5\COMCTL32.dll
0x00007ff88df50000 - 0x00007ff88df7b000 	C:\Windows\System32\GDI32.dll
0x00007ff88daa0000 - 0x00007ff88dbb7000 	C:\Windows\System32\gdi32full.dll
0x00007ff88d270000 - 0x00007ff88d30d000 	C:\Windows\System32\msvcp_win.dll
0x00007ff885990000 - 0x00007ff88599a000 	C:\Windows\SYSTEM32\VERSION.dll
0x00007ff88e020000 - 0x00007ff88e052000 	C:\Windows\System32\IMM32.DLL
0x00007ff86d460000 - 0x00007ff86d46c000 	C:\Program Files\Java\jdk-17.0.1\bin\vcruntime140_1.dll
0x00007ff830310000 - 0x00007ff83039d000 	C:\Program Files\Java\jdk-17.0.1\bin\msvcp140.dll
0x00007ffff7120000 - 0x00007ffff7cde000 	C:\Program Files\Java\jdk-17.0.1\bin\server\jvm.dll
0x00007ff88e890000 - 0x00007ff88e898000 	C:\Windows\System32\PSAPI.DLL
0x00007ff87eec0000 - 0x00007ff87eec9000 	C:\Windows\SYSTEM32\WSOCK32.dll
0x00007ff881f40000 - 0x00007ff881f67000 	C:\Windows\SYSTEM32\WINMM.dll
0x00007ff88dee0000 - 0x00007ff88df4b000 	C:\Windows\System32\WS2_32.dll
0x00007ff88b110000 - 0x00007ff88b122000 	C:\Windows\SYSTEM32\kernel.appcore.dll
0x00007ff86ce80000 - 0x00007ff86ce8a000 	C:\Program Files\Java\jdk-17.0.1\bin\jimage.dll
0x00007ff882ce0000 - 0x00007ff882ec4000 	C:\Windows\SYSTEM32\DBGHELP.DLL
0x00007ff882b50000 - 0x00007ff882b84000 	C:\Windows\SYSTEM32\dbgcore.DLL
0x00007ff88d310000 - 0x00007ff88d392000 	C:\Windows\System32\bcryptPrimitives.dll
0x00007ff852710000 - 0x00007ff852735000 	C:\Program Files\Java\jdk-17.0.1\bin\java.dll

dbghelp: loaded successfully - version: 4.0.5 - missing functions: none
symbol engine: initialized successfully - sym options: 0x614 - pdb path: .;C:\Program Files\Java\jdk-17.0.1\bin;C:\Windows\SYSTEM32;C:\Program Files\Avast Software\Avast;C:\Windows\WinSxS\amd64_microsoft.windows.common-controls_6595b64144ccf1df_6.0.19041.3636_none_60b6a03d71f818d5;C:\Program Files\Java\jdk-17.0.1\bin\server

VM Arguments:
java_command: com.tang.vscode.MainKt -XX:+UseG1GC -XX:+UseStringDeduplication
java_class_path (initial): c:\Users\Romai\.vscode\extensions\tangzx.emmylua-0.5.19\server\EmmyLua-LS-all.jar
Launcher Type: SUN_STANDARD

[Global flags]
     intx CICompilerCount                          = 4                                         {product} {ergonomic}
     uint ConcGCThreads                            = 3                                         {product} {ergonomic}
     uint G1ConcRefinementThreads                  = 10                                        {product} {ergonomic}
   size_t G1HeapRegionSize                         = 2097152                                   {product} {ergonomic}
    uintx GCDrainStackTargetSize                   = 64                                        {product} {ergonomic}
   size_t InitialHeapSize                          = 268435456                                 {product} {ergonomic}
   size_t MarkStackSize                            = 4194304                                   {product} {ergonomic}
   size_t MaxHeapSize                              = 4280287232                                {product} {ergonomic}
   size_t MinHeapDeltaBytes                        = 2097152                                   {product} {ergonomic}
   size_t MinHeapSize                              = 8388608                                   {product} {ergonomic}
    uintx NonNMethodCodeHeapSize                   = 5839372                                {pd product} {ergonomic}
    uintx NonProfiledCodeHeapSize                  = 122909434                              {pd product} {ergonomic}
    uintx ProfiledCodeHeapSize                     = 122909434                              {pd product} {ergonomic}
    uintx ReservedCodeCacheSize                    = 251658240                              {pd product} {ergonomic}
     bool SegmentedCodeCache                       = true                                      {product} {ergonomic}
   size_t SoftMaxHeapSize                          = 4280287232                             {manageable} {ergonomic}
     bool UseCompressedClassPointers               = true                           {product lp64_product} {ergonomic}
     bool UseCompressedOops                        = true                           {product lp64_product} {ergonomic}
     bool UseG1GC                                  = true                                      {product} {ergonomic}
     bool UseLargePagesIndividualAllocation        = false                                  {pd product} {ergonomic}

Logging:
Log output configuration:
 #0: stdout all=warning uptime,level,tags
 #1: stderr all=off uptime,level,tags

Environment Variables:
PATH=C:\Program Files\Common Files\Oracle\Java\javapath;C:\Windows\system32;C:\Windows;C:\Windows\System32\Wbem;C:\Windows\System32\WindowsPowerShell\v1.0\;C:\Windows\System32\OpenSSH\;C:\Program Files (x86)\NVIDIA Corporation\PhysX\Common;C:\Users\Romai\AppData\Local\Programs\Python\Python310\Scripts;C:\Users\Romai\AppData\Roaming\Lua\lua-5.4.4;C:\Users\Romai\AppData\Roaming\Lua\lua-5.4.4\src;C:\Program Files\dotnet\;C:\Program Files\NVIDIA Corporation\NVIDIA NvDLISR;C:\Program Files\playit_gg\bin\;C:\Program Files\Git\cmd;C:\Users\Romai\AppData\Local\Microsoft\WindowsApps;C:\Users\Romai\AppData\Local\Programs\Microsoft VS Code\bin;C:\Users\Romai\AppData\Local\Programs\Python\Python310\Scripts;C:\Users\Romai\AppData\Local\GitHubDesktop\bin;C:\Users\Romai\AppData\Roaming\Lua\lua-5.4.4;C:\Users\Romai\AppData\Roaming\Lua\lua-5.4.4\src;
USERNAME=Romai
OS=Windows_NT
PROCESSOR_IDENTIFIER=Intel64 Family 6 Model 165 Stepping 3, GenuineIntel



---------------  S Y S T E M  ---------------

OS:
 Windows 10 , 64 bit Build 19041 (10.0.19041.3636)
OS uptime: 2 days 20:11 hours

CPU: total 12 (initial active 12) (6 cores per cpu, 2 threads per core) family 6 model 165 stepping 3 microcode 0xcc, cx8, cmov, fxsr, ht, mmx, 3dnowpref, sse, sse2, sse3, ssse3, sse4.1, sse4.2, popcnt, lzcnt, tsc, tscinvbit, avx, avx2, aes, erms, clmul, bmi1, bmi2, adx, fma, vzeroupper, clflush, clflushopt

Memory: 4k page, system-wide physical 16322M (2628M free)
TotalPageFile size 28228M (AvailPageFile size 113M)
current process WorkingSet (physical memory assigned to process): 11M, peak: 11M
current process commit charge ("private bytes"): 64M, peak: 320M

vm_info: Java HotSpot(TM) 64-Bit Server VM (17.0.1+12-LTS-39) for windows-amd64 JRE (17.0.1+12-LTS-39), built on Sep 27 2021 18:41:35 by "mach5one" with MS VC++ 16.8 (VS2019)

END.
